::1 - - [Mon, 02 Nov 2015 09:06:39 GMT] "GET /u/11/2015-11-2/[%E8%BD%AC%E8%BD%BD]2 HTTP/1.1" 200 2443 "http://localhost:3000/" "Mozilla/5.0 (Windows NT 10.0; WOW64) AppleWebKit/537.36 (KHTML, like Gecko) Chrome/45.0.2454.85 Safari/537.36"
::1 - - [Mon, 02 Nov 2015 09:06:39 GMT] "GET /stylesheets/screen.css HTTP/1.1" 304 - "http://localhost:3000/u/11/2015-11-2/[%E8%BD%AC%E8%BD%BD]2" "Mozilla/5.0 (Windows NT 10.0; WOW64) AppleWebKit/537.36 (KHTML, like Gecko) Chrome/45.0.2454.85 Safari/537.36"
::1 - - [Mon, 02 Nov 2015 09:06:39 GMT] "GET /stylesheets/bootstrap.min.css HTTP/1.1" 304 - "http://localhost:3000/u/11/2015-11-2/[%E8%BD%AC%E8%BD%BD]2" "Mozilla/5.0 (Windows NT 10.0; WOW64) AppleWebKit/537.36 (KHTML, like Gecko) Chrome/45.0.2454.85 Safari/537.36"
::1 - - [Mon, 02 Nov 2015 09:06:40 GMT] "GET /favicon.ico HTTP/1.1" 200 229 "http://localhost:3000/u/11/2015-11-2/[%E8%BD%AC%E8%BD%BD]2" "Mozilla/5.0 (Windows NT 10.0; WOW64) AppleWebKit/537.36 (KHTML, like Gecko) Chrome/45.0.2454.85 Safari/537.36"
::1 - - [Mon, 02 Nov 2015 09:06:41 GMT] "GET / HTTP/1.1" 200 3190 "http://localhost:3000/u/11/2015-11-2/[%E8%BD%AC%E8%BD%BD]2" "Mozilla/5.0 (Windows NT 10.0; WOW64) AppleWebKit/537.36 (KHTML, like Gecko) Chrome/45.0.2454.85 Safari/537.36"
::1 - - [Mon, 02 Nov 2015 09:06:41 GMT] "GET /stylesheets/screen.css HTTP/1.1" 304 - "http://localhost:3000/" "Mozilla/5.0 (Windows NT 10.0; WOW64) AppleWebKit/537.36 (KHTML, like Gecko) Chrome/45.0.2454.85 Safari/537.36"
::1 - - [Mon, 02 Nov 2015 09:06:41 GMT] "GET /stylesheets/bootstrap.min.css HTTP/1.1" 304 - "http://localhost:3000/" "Mozilla/5.0 (Windows NT 10.0; WOW64) AppleWebKit/537.36 (KHTML, like Gecko) Chrome/45.0.2454.85 Safari/537.36"
::1 - - [Mon, 02 Nov 2015 09:06:41 GMT] "GET /favicon.ico HTTP/1.1" 304 - "http://localhost:3000/" "Mozilla/5.0 (Windows NT 10.0; WOW64) AppleWebKit/537.36 (KHTML, like Gecko) Chrome/45.0.2454.85 Safari/537.36"
::1 - - [Mon, 02 Nov 2015 09:06:44 GMT] "GET /u/22/2015-11-2/1 HTTP/1.1" 200 2293 "http://localhost:3000/" "Mozilla/5.0 (Windows NT 10.0; WOW64) AppleWebKit/537.36 (KHTML, like Gecko) Chrome/45.0.2454.85 Safari/537.36"
::1 - - [Mon, 02 Nov 2015 09:06:44 GMT] "GET /stylesheets/screen.css HTTP/1.1" 304 - "http://localhost:3000/u/22/2015-11-2/1" "Mozilla/5.0 (Windows NT 10.0; WOW64) AppleWebKit/537.36 (KHTML, like Gecko) Chrome/45.0.2454.85 Safari/537.36"
::1 - - [Mon, 02 Nov 2015 09:06:44 GMT] "GET /stylesheets/bootstrap.min.css HTTP/1.1" 304 - "http://localhost:3000/u/22/2015-11-2/1" "Mozilla/5.0 (Windows NT 10.0; WOW64) AppleWebKit/537.36 (KHTML, like Gecko) Chrome/45.0.2454.85 Safari/537.36"
::1 - - [Mon, 02 Nov 2015 09:06:44 GMT] "GET /favicon.ico HTTP/1.1" 304 - "http://localhost:3000/u/22/2015-11-2/1" "Mozilla/5.0 (Windows NT 10.0; WOW64) AppleWebKit/537.36 (KHTML, like Gecko) Chrome/45.0.2454.85 Safari/537.36"
::1 - - [Mon, 02 Nov 2015 09:06:45 GMT] "GET /reprint/22/2015-11-2/1 HTTP/1.1" 302 126 "http://localhost:3000/u/22/2015-11-2/1" "Mozilla/5.0 (Windows NT 10.0; WOW64) AppleWebKit/537.36 (KHTML, like Gecko) Chrome/45.0.2454.85 Safari/537.36"
::1 - - [Mon, 02 Nov 2015 09:06:45 GMT] "GET /u/11/2015-11-2/%5B%E8%BD%AC%E8%BD%BD%5D1 HTTP/1.1" 200 2474 "http://localhost:3000/u/22/2015-11-2/1" "Mozilla/5.0 (Windows NT 10.0; WOW64) AppleWebKit/537.36 (KHTML, like Gecko) Chrome/45.0.2454.85 Safari/537.36"
::1 - - [Mon, 02 Nov 2015 09:06:45 GMT] "GET /stylesheets/screen.css HTTP/1.1" 304 - "http://localhost:3000/u/11/2015-11-2/%5B%E8%BD%AC%E8%BD%BD%5D1" "Mozilla/5.0 (Windows NT 10.0; WOW64) AppleWebKit/537.36 (KHTML, like Gecko) Chrome/45.0.2454.85 Safari/537.36"
::1 - - [Mon, 02 Nov 2015 09:06:45 GMT] "GET /stylesheets/bootstrap.min.css HTTP/1.1" 304 - "http://localhost:3000/u/11/2015-11-2/%5B%E8%BD%AC%E8%BD%BD%5D1" "Mozilla/5.0 (Windows NT 10.0; WOW64) AppleWebKit/537.36 (KHTML, like Gecko) Chrome/45.0.2454.85 Safari/537.36"
::1 - - [Mon, 02 Nov 2015 09:06:45 GMT] "GET /favicon.ico HTTP/1.1" 304 - "http://localhost:3000/u/11/2015-11-2/%5B%E8%BD%AC%E8%BD%BD%5D1" "Mozilla/5.0 (Windows NT 10.0; WOW64) AppleWebKit/537.36 (KHTML, like Gecko) Chrome/45.0.2454.85 Safari/537.36"
::1 - - [Wed, 04 Nov 2015 14:51:36 GMT] "GET /reg HTTP/1.1" 200 1598 "-" "Mozilla/5.0 (Windows NT 10.0; WOW64) AppleWebKit/537.36 (KHTML, like Gecko) Chrome/45.0.2454.101 Safari/537.36"
::1 - - [Wed, 04 Nov 2015 14:51:37 GMT] "GET /stylesheets/screen.css HTTP/1.1" 304 - "http://localhost:3000/reg" "Mozilla/5.0 (Windows NT 10.0; WOW64) AppleWebKit/537.36 (KHTML, like Gecko) Chrome/45.0.2454.101 Safari/537.36"
::1 - - [Wed, 04 Nov 2015 14:51:37 GMT] "GET /stylesheets/bootstrap.min.css HTTP/1.1" 304 - "http://localhost:3000/reg" "Mozilla/5.0 (Windows NT 10.0; WOW64) AppleWebKit/537.36 (KHTML, like Gecko) Chrome/45.0.2454.101 Safari/537.36"
::1 - - [Wed, 04 Nov 2015 14:51:37 GMT] "GET /favicon.ico HTTP/1.1" 200 229 "http://localhost:3000/reg" "Mozilla/5.0 (Windows NT 10.0; WOW64) AppleWebKit/537.36 (KHTML, like Gecko) Chrome/45.0.2454.101 Safari/537.36"
::1 - - [Wed, 04 Nov 2015 14:51:52 GMT] "POST /reg HTTP/1.1" 302 68 "http://localhost:3000/reg" "Mozilla/5.0 (Windows NT 10.0; WOW64) AppleWebKit/537.36 (KHTML, like Gecko) Chrome/45.0.2454.101 Safari/537.36"
::1 - - [Wed, 04 Nov 2015 14:51:52 GMT] "GET /login HTTP/1.1" 200 1250 "http://localhost:3000/reg" "Mozilla/5.0 (Windows NT 10.0; WOW64) AppleWebKit/537.36 (KHTML, like Gecko) Chrome/45.0.2454.101 Safari/537.36"
::1 - - [Wed, 04 Nov 2015 14:51:52 GMT] "GET /stylesheets/screen.css HTTP/1.1" 304 - "http://localhost:3000/login" "Mozilla/5.0 (Windows NT 10.0; WOW64) AppleWebKit/537.36 (KHTML, like Gecko) Chrome/45.0.2454.101 Safari/537.36"
::1 - - [Wed, 04 Nov 2015 14:51:53 GMT] "GET /stylesheets/bootstrap.min.css HTTP/1.1" 304 - "http://localhost:3000/login" "Mozilla/5.0 (Windows NT 10.0; WOW64) AppleWebKit/537.36 (KHTML, like Gecko) Chrome/45.0.2454.101 Safari/537.36"
::1 - - [Wed, 04 Nov 2015 14:51:53 GMT] "GET /favicon.ico HTTP/1.1" 304 - "http://localhost:3000/login" "Mozilla/5.0 (Windows NT 10.0; WOW64) AppleWebKit/537.36 (KHTML, like Gecko) Chrome/45.0.2454.101 Safari/537.36"
::1 - - [Wed, 04 Nov 2015 14:52:12 GMT] "POST /login HTTP/1.1" 302 58 "http://localhost:3000/login" "Mozilla/5.0 (Windows NT 10.0; WOW64) AppleWebKit/537.36 (KHTML, like Gecko) Chrome/45.0.2454.101 Safari/537.36"
::1 - - [Wed, 04 Nov 2015 14:52:12 GMT] "GET / HTTP/1.1" 200 887 "http://localhost:3000/login" "Mozilla/5.0 (Windows NT 10.0; WOW64) AppleWebKit/537.36 (KHTML, like Gecko) Chrome/45.0.2454.101 Safari/537.36"
::1 - - [Wed, 04 Nov 2015 14:52:12 GMT] "GET /stylesheets/screen.css HTTP/1.1" 304 - "http://localhost:3000/" "Mozilla/5.0 (Windows NT 10.0; WOW64) AppleWebKit/537.36 (KHTML, like Gecko) Chrome/45.0.2454.101 Safari/537.36"
::1 - - [Wed, 04 Nov 2015 14:52:13 GMT] "GET /stylesheets/bootstrap.min.css HTTP/1.1" 304 - "http://localhost:3000/" "Mozilla/5.0 (Windows NT 10.0; WOW64) AppleWebKit/537.36 (KHTML, like Gecko) Chrome/45.0.2454.101 Safari/537.36"
::1 - - [Wed, 04 Nov 2015 14:52:14 GMT] "GET /favicon.ico HTTP/1.1" 304 - "http://localhost:3000/" "Mozilla/5.0 (Windows NT 10.0; WOW64) AppleWebKit/537.36 (KHTML, like Gecko) Chrome/45.0.2454.101 Safari/537.36"
::1 - - [Wed, 04 Nov 2015 14:52:17 GMT] "GET /post HTTP/1.1" 200 1737 "http://localhost:3000/" "Mozilla/5.0 (Windows NT 10.0; WOW64) AppleWebKit/537.36 (KHTML, like Gecko) Chrome/45.0.2454.101 Safari/537.36"
::1 - - [Wed, 04 Nov 2015 14:52:17 GMT] "GET /stylesheets/screen.css HTTP/1.1" 304 - "http://localhost:3000/post" "Mozilla/5.0 (Windows NT 10.0; WOW64) AppleWebKit/537.36 (KHTML, like Gecko) Chrome/45.0.2454.101 Safari/537.36"
::1 - - [Wed, 04 Nov 2015 14:52:18 GMT] "GET /stylesheets/bootstrap.min.css HTTP/1.1" 304 - "http://localhost:3000/post" "Mozilla/5.0 (Windows NT 10.0; WOW64) AppleWebKit/537.36 (KHTML, like Gecko) Chrome/45.0.2454.101 Safari/537.36"
::1 - - [Wed, 04 Nov 2015 14:52:18 GMT] "GET /favicon.ico HTTP/1.1" 304 - "http://localhost:3000/post" "Mozilla/5.0 (Windows NT 10.0; WOW64) AppleWebKit/537.36 (KHTML, like Gecko) Chrome/45.0.2454.101 Safari/537.36"
::1 - - [Wed, 04 Nov 2015 14:52:23 GMT] "POST /post HTTP/1.1" 302 58 "http://localhost:3000/post" "Mozilla/5.0 (Windows NT 10.0; WOW64) AppleWebKit/537.36 (KHTML, like Gecko) Chrome/45.0.2454.101 Safari/537.36"
::1 - - [Wed, 04 Nov 2015 14:52:23 GMT] "GET / HTTP/1.1" 200 1359 "http://localhost:3000/post" "Mozilla/5.0 (Windows NT 10.0; WOW64) AppleWebKit/537.36 (KHTML, like Gecko) Chrome/45.0.2454.101 Safari/537.36"
::1 - - [Wed, 04 Nov 2015 14:52:23 GMT] "GET /stylesheets/screen.css HTTP/1.1" 304 - "http://localhost:3000/" "Mozilla/5.0 (Windows NT 10.0; WOW64) AppleWebKit/537.36 (KHTML, like Gecko) Chrome/45.0.2454.101 Safari/537.36"
::1 - - [Wed, 04 Nov 2015 14:52:24 GMT] "GET /stylesheets/bootstrap.min.css HTTP/1.1" 304 - "http://localhost:3000/" "Mozilla/5.0 (Windows NT 10.0; WOW64) AppleWebKit/537.36 (KHTML, like Gecko) Chrome/45.0.2454.101 Safari/537.36"
::1 - - [Wed, 04 Nov 2015 14:52:24 GMT] "GET /favicon.ico HTTP/1.1" 304 - "http://localhost:3000/" "Mozilla/5.0 (Windows NT 10.0; WOW64) AppleWebKit/537.36 (KHTML, like Gecko) Chrome/45.0.2454.101 Safari/537.36"
::1 - - [Wed, 04 Nov 2015 14:59:16 GMT] "GET / HTTP/1.1" 500 1239 "http://localhost:3000/post" "Mozilla/5.0 (Windows NT 10.0; WOW64) AppleWebKit/537.36 (KHTML, like Gecko) Chrome/45.0.2454.101 Safari/537.36"
::1 - - [Wed, 04 Nov 2015 14:59:18 GMT] "GET /favicon.ico HTTP/1.1" 200 229 "http://localhost:3000/" "Mozilla/5.0 (Windows NT 10.0; WOW64) AppleWebKit/537.36 (KHTML, like Gecko) Chrome/45.0.2454.101 Safari/537.36"
::1 - - [Wed, 04 Nov 2015 15:04:59 GMT] "GET / HTTP/1.1" 500 1239 "http://localhost:3000/post" "Mozilla/5.0 (Windows NT 10.0; WOW64) AppleWebKit/537.36 (KHTML, like Gecko) Chrome/45.0.2454.101 Safari/537.36"
::1 - - [Wed, 04 Nov 2015 15:05:00 GMT] "GET /favicon.ico HTTP/1.1" 200 229 "http://localhost:3000/" "Mozilla/5.0 (Windows NT 10.0; WOW64) AppleWebKit/537.36 (KHTML, like Gecko) Chrome/45.0.2454.101 Safari/537.36"
::1 - - [Wed, 04 Nov 2015 15:05:58 GMT] "GET / HTTP/1.1" 500 1239 "http://localhost:3000/post" "Mozilla/5.0 (Windows NT 10.0; WOW64) AppleWebKit/537.36 (KHTML, like Gecko) Chrome/45.0.2454.101 Safari/537.36"
::1 - - [Wed, 04 Nov 2015 15:05:59 GMT] "GET /favicon.ico HTTP/1.1" 200 229 "http://localhost:3000/" "Mozilla/5.0 (Windows NT 10.0; WOW64) AppleWebKit/537.36 (KHTML, like Gecko) Chrome/45.0.2454.101 Safari/537.36"
::1 - - [Wed, 04 Nov 2015 15:06:01 GMT] "GET / HTTP/1.1" 500 1239 "http://localhost:3000/post" "Mozilla/5.0 (Windows NT 10.0; WOW64) AppleWebKit/537.36 (KHTML, like Gecko) Chrome/45.0.2454.101 Safari/537.36"
::1 - - [Wed, 04 Nov 2015 15:06:02 GMT] "GET /favicon.ico HTTP/1.1" 200 229 "http://localhost:3000/" "Mozilla/5.0 (Windows NT 10.0; WOW64) AppleWebKit/537.36 (KHTML, like Gecko) Chrome/45.0.2454.101 Safari/537.36"
::1 - - [Wed, 04 Nov 2015 15:07:30 GMT] "GET / HTTP/1.1" 500 1239 "http://localhost:3000/post" "Mozilla/5.0 (Windows NT 10.0; WOW64) AppleWebKit/537.36 (KHTML, like Gecko) Chrome/45.0.2454.101 Safari/537.36"
::1 - - [Wed, 04 Nov 2015 15:07:31 GMT] "GET /favicon.ico HTTP/1.1" 200 229 "http://localhost:3000/" "Mozilla/5.0 (Windows NT 10.0; WOW64) AppleWebKit/537.36 (KHTML, like Gecko) Chrome/45.0.2454.101 Safari/537.36"
::1 - - [Wed, 04 Nov 2015 15:07:33 GMT] "GET / HTTP/1.1" 500 1239 "http://localhost:3000/post" "Mozilla/5.0 (Windows NT 10.0; WOW64) AppleWebKit/537.36 (KHTML, like Gecko) Chrome/45.0.2454.101 Safari/537.36"
::1 - - [Wed, 04 Nov 2015 15:07:34 GMT] "GET /favicon.ico HTTP/1.1" 200 229 "http://localhost:3000/" "Mozilla/5.0 (Windows NT 10.0; WOW64) AppleWebKit/537.36 (KHTML, like Gecko) Chrome/45.0.2454.101 Safari/537.36"
::1 - - [Wed, 04 Nov 2015 15:09:25 GMT] "GET / HTTP/1.1" 500 1239 "http://localhost:3000/post" "Mozilla/5.0 (Windows NT 10.0; WOW64) AppleWebKit/537.36 (KHTML, like Gecko) Chrome/45.0.2454.101 Safari/537.36"
::1 - - [Wed, 04 Nov 2015 15:09:26 GMT] "GET /favicon.ico HTTP/1.1" 200 229 "http://localhost:3000/" "Mozilla/5.0 (Windows NT 10.0; WOW64) AppleWebKit/537.36 (KHTML, like Gecko) Chrome/45.0.2454.101 Safari/537.36"
::1 - - [Wed, 04 Nov 2015 15:09:51 GMT] "GET / HTTP/1.1" 500 1239 "http://localhost:3000/post" "Mozilla/5.0 (Windows NT 10.0; WOW64) AppleWebKit/537.36 (KHTML, like Gecko) Chrome/45.0.2454.101 Safari/537.36"
::1 - - [Wed, 04 Nov 2015 15:09:52 GMT] "GET /favicon.ico HTTP/1.1" 200 229 "http://localhost:3000/" "Mozilla/5.0 (Windows NT 10.0; WOW64) AppleWebKit/537.36 (KHTML, like Gecko) Chrome/45.0.2454.101 Safari/537.36"
::1 - - [Wed, 04 Nov 2015 15:10:21 GMT] "GET / HTTP/1.1" 500 1239 "http://localhost:3000/post" "Mozilla/5.0 (Windows NT 10.0; WOW64) AppleWebKit/537.36 (KHTML, like Gecko) Chrome/45.0.2454.101 Safari/537.36"
::1 - - [Wed, 04 Nov 2015 15:10:22 GMT] "GET /favicon.ico HTTP/1.1" 200 229 "http://localhost:3000/" "Mozilla/5.0 (Windows NT 10.0; WOW64) AppleWebKit/537.36 (KHTML, like Gecko) Chrome/45.0.2454.101 Safari/537.36"
::1 - - [Wed, 04 Nov 2015 15:10:49 GMT] "GET / HTTP/1.1" 500 1239 "http://localhost:3000/post" "Mozilla/5.0 (Windows NT 10.0; WOW64) AppleWebKit/537.36 (KHTML, like Gecko) Chrome/45.0.2454.101 Safari/537.36"
::1 - - [Wed, 04 Nov 2015 15:10:50 GMT] "GET /favicon.ico HTTP/1.1" 200 229 "http://localhost:3000/" "Mozilla/5.0 (Windows NT 10.0; WOW64) AppleWebKit/537.36 (KHTML, like Gecko) Chrome/45.0.2454.101 Safari/537.36"
::1 - - [Wed, 04 Nov 2015 15:13:29 GMT] "GET / HTTP/1.1" 500 1239 "http://localhost:3000/post" "Mozilla/5.0 (Windows NT 10.0; WOW64) AppleWebKit/537.36 (KHTML, like Gecko) Chrome/45.0.2454.101 Safari/537.36"
::1 - - [Wed, 04 Nov 2015 15:13:30 GMT] "GET /favicon.ico HTTP/1.1" 200 229 "http://localhost:3000/" "Mozilla/5.0 (Windows NT 10.0; WOW64) AppleWebKit/537.36 (KHTML, like Gecko) Chrome/45.0.2454.101 Safari/537.36"
::1 - - [Wed, 04 Nov 2015 15:14:15 GMT] "GET / HTTP/1.1" 500 1239 "http://localhost:3000/post" "Mozilla/5.0 (Windows NT 10.0; WOW64) AppleWebKit/537.36 (KHTML, like Gecko) Chrome/45.0.2454.101 Safari/537.36"
::1 - - [Wed, 04 Nov 2015 15:14:16 GMT] "GET /favicon.ico HTTP/1.1" 200 229 "http://localhost:3000/" "Mozilla/5.0 (Windows NT 10.0; WOW64) AppleWebKit/537.36 (KHTML, like Gecko) Chrome/45.0.2454.101 Safari/537.36"
::1 - - [Wed, 04 Nov 2015 15:14:32 GMT] "GET / HTTP/1.1" 500 1239 "http://localhost:3000/post" "Mozilla/5.0 (Windows NT 10.0; WOW64) AppleWebKit/537.36 (KHTML, like Gecko) Chrome/45.0.2454.101 Safari/537.36"
::1 - - [Wed, 04 Nov 2015 15:14:33 GMT] "GET /favicon.ico HTTP/1.1" 200 229 "http://localhost:3000/" "Mozilla/5.0 (Windows NT 10.0; WOW64) AppleWebKit/537.36 (KHTML, like Gecko) Chrome/45.0.2454.101 Safari/537.36"
::1 - - [Wed, 04 Nov 2015 15:14:51 GMT] "GET / HTTP/1.1" 500 1239 "http://localhost:3000/post" "Mozilla/5.0 (Windows NT 10.0; WOW64) AppleWebKit/537.36 (KHTML, like Gecko) Chrome/45.0.2454.101 Safari/537.36"
::1 - - [Wed, 04 Nov 2015 15:14:52 GMT] "GET /favicon.ico HTTP/1.1" 200 229 "http://localhost:3000/" "Mozilla/5.0 (Windows NT 10.0; WOW64) AppleWebKit/537.36 (KHTML, like Gecko) Chrome/45.0.2454.101 Safari/537.36"
::1 - - [Wed, 04 Nov 2015 15:17:27 GMT] "GET / HTTP/1.1" 500 1239 "http://localhost:3000/post" "Mozilla/5.0 (Windows NT 10.0; WOW64) AppleWebKit/537.36 (KHTML, like Gecko) Chrome/45.0.2454.101 Safari/537.36"
::1 - - [Wed, 04 Nov 2015 15:17:28 GMT] "GET /favicon.ico HTTP/1.1" 200 229 "http://localhost:3000/" "Mozilla/5.0 (Windows NT 10.0; WOW64) AppleWebKit/537.36 (KHTML, like Gecko) Chrome/45.0.2454.101 Safari/537.36"
::1 - - [Wed, 04 Nov 2015 15:18:56 GMT] "GET / HTTP/1.1" 500 1239 "http://localhost:3000/post" "Mozilla/5.0 (Windows NT 10.0; WOW64) AppleWebKit/537.36 (KHTML, like Gecko) Chrome/45.0.2454.101 Safari/537.36"
::1 - - [Wed, 04 Nov 2015 15:18:56 GMT] "GET /favicon.ico HTTP/1.1" 200 229 "http://localhost:3000/" "Mozilla/5.0 (Windows NT 10.0; WOW64) AppleWebKit/537.36 (KHTML, like Gecko) Chrome/45.0.2454.101 Safari/537.36"
::1 - - [Wed, 04 Nov 2015 15:27:56 GMT] "GET / HTTP/1.1" 500 1239 "http://localhost:3000/post" "Mozilla/5.0 (Windows NT 10.0; WOW64) AppleWebKit/537.36 (KHTML, like Gecko) Chrome/45.0.2454.101 Safari/537.36"
::1 - - [Wed, 04 Nov 2015 15:27:57 GMT] "GET /favicon.ico HTTP/1.1" 200 229 "http://localhost:3000/" "Mozilla/5.0 (Windows NT 10.0; WOW64) AppleWebKit/537.36 (KHTML, like Gecko) Chrome/45.0.2454.101 Safari/537.36"
::1 - - [Wed, 04 Nov 2015 15:28:37 GMT] "GET / HTTP/1.1" 500 1239 "http://localhost:3000/post" "Mozilla/5.0 (Windows NT 10.0; WOW64) AppleWebKit/537.36 (KHTML, like Gecko) Chrome/45.0.2454.101 Safari/537.36"
::1 - - [Wed, 04 Nov 2015 15:28:38 GMT] "GET /favicon.ico HTTP/1.1" 200 229 "http://localhost:3000/" "Mozilla/5.0 (Windows NT 10.0; WOW64) AppleWebKit/537.36 (KHTML, like Gecko) Chrome/45.0.2454.101 Safari/537.36"
::1 - - [Wed, 04 Nov 2015 15:29:26 GMT] "GET / HTTP/1.1" 500 1239 "http://localhost:3000/post" "Mozilla/5.0 (Windows NT 10.0; WOW64) AppleWebKit/537.36 (KHTML, like Gecko) Chrome/45.0.2454.101 Safari/537.36"
::1 - - [Wed, 04 Nov 2015 15:29:26 GMT] "GET /favicon.ico HTTP/1.1" 200 229 "http://localhost:3000/" "Mozilla/5.0 (Windows NT 10.0; WOW64) AppleWebKit/537.36 (KHTML, like Gecko) Chrome/45.0.2454.101 Safari/537.36"
::1 - - [Wed, 04 Nov 2015 15:29:31 GMT] "GET / HTTP/1.1" 500 1239 "http://localhost:3000/post" "Mozilla/5.0 (Windows NT 10.0; WOW64) AppleWebKit/537.36 (KHTML, like Gecko) Chrome/45.0.2454.101 Safari/537.36"
::1 - - [Wed, 04 Nov 2015 15:29:32 GMT] "GET /favicon.ico HTTP/1.1" 200 229 "http://localhost:3000/" "Mozilla/5.0 (Windows NT 10.0; WOW64) AppleWebKit/537.36 (KHTML, like Gecko) Chrome/45.0.2454.101 Safari/537.36"
::1 - - [Wed, 04 Nov 2015 15:30:44 GMT] "GET / HTTP/1.1" 500 1239 "http://localhost:3000/post" "Mozilla/5.0 (Windows NT 10.0; WOW64) AppleWebKit/537.36 (KHTML, like Gecko) Chrome/45.0.2454.101 Safari/537.36"
::1 - - [Wed, 04 Nov 2015 15:30:44 GMT] "GET /favicon.ico HTTP/1.1" 200 229 "http://localhost:3000/" "Mozilla/5.0 (Windows NT 10.0; WOW64) AppleWebKit/537.36 (KHTML, like Gecko) Chrome/45.0.2454.101 Safari/537.36"
::1 - - [Wed, 04 Nov 2015 15:31:13 GMT] "GET / HTTP/1.1" 500 1239 "http://localhost:3000/post" "Mozilla/5.0 (Windows NT 10.0; WOW64) AppleWebKit/537.36 (KHTML, like Gecko) Chrome/45.0.2454.101 Safari/537.36"
::1 - - [Wed, 04 Nov 2015 15:31:13 GMT] "GET /favicon.ico HTTP/1.1" 200 229 "http://localhost:3000/" "Mozilla/5.0 (Windows NT 10.0; WOW64) AppleWebKit/537.36 (KHTML, like Gecko) Chrome/45.0.2454.101 Safari/537.36"
::1 - - [Wed, 04 Nov 2015 15:31:35 GMT] "GET / HTTP/1.1" 500 1239 "http://localhost:3000/post" "Mozilla/5.0 (Windows NT 10.0; WOW64) AppleWebKit/537.36 (KHTML, like Gecko) Chrome/45.0.2454.101 Safari/537.36"
::1 - - [Wed, 04 Nov 2015 15:31:36 GMT] "GET /favicon.ico HTTP/1.1" 200 229 "http://localhost:3000/" "Mozilla/5.0 (Windows NT 10.0; WOW64) AppleWebKit/537.36 (KHTML, like Gecko) Chrome/45.0.2454.101 Safari/537.36"
::1 - - [Wed, 04 Nov 2015 15:35:37 GMT] "GET / HTTP/1.1" 200 795 "http://localhost:3000/post" "Mozilla/5.0 (Windows NT 10.0; WOW64) AppleWebKit/537.36 (KHTML, like Gecko) Chrome/45.0.2454.101 Safari/537.36"
::1 - - [Wed, 04 Nov 2015 15:35:38 GMT] "GET /stylesheets/screen.css HTTP/1.1" 304 - "http://localhost:3000/" "Mozilla/5.0 (Windows NT 10.0; WOW64) AppleWebKit/537.36 (KHTML, like Gecko) Chrome/45.0.2454.101 Safari/537.36"
::1 - - [Wed, 04 Nov 2015 15:35:38 GMT] "GET /stylesheets/bootstrap.min.css HTTP/1.1" 304 - "http://localhost:3000/" "Mozilla/5.0 (Windows NT 10.0; WOW64) AppleWebKit/537.36 (KHTML, like Gecko) Chrome/45.0.2454.101 Safari/537.36"
::1 - - [Wed, 04 Nov 2015 15:35:38 GMT] "GET /favicon.ico HTTP/1.1" 200 229 "http://localhost:3000/" "Mozilla/5.0 (Windows NT 10.0; WOW64) AppleWebKit/537.36 (KHTML, like Gecko) Chrome/45.0.2454.101 Safari/537.36"
::1 - - [Wed, 04 Nov 2015 15:35:45 GMT] "GET / HTTP/1.1" - - "http://localhost:3000/" "Mozilla/5.0 (Windows NT 10.0; WOW64) AppleWebKit/537.36 (KHTML, like Gecko) Chrome/45.0.2454.101 Safari/537.36"
::1 - - [Wed, 04 Nov 2015 15:35:45 GMT] "GET /reg HTTP/1.1" 200 1598 "http://localhost:3000/" "Mozilla/5.0 (Windows NT 10.0; WOW64) AppleWebKit/537.36 (KHTML, like Gecko) Chrome/45.0.2454.101 Safari/537.36"
::1 - - [Wed, 04 Nov 2015 15:35:45 GMT] "GET /stylesheets/screen.css HTTP/1.1" 304 - "http://localhost:3000/reg" "Mozilla/5.0 (Windows NT 10.0; WOW64) AppleWebKit/537.36 (KHTML, like Gecko) Chrome/45.0.2454.101 Safari/537.36"
::1 - - [Wed, 04 Nov 2015 15:35:46 GMT] "GET /stylesheets/bootstrap.min.css HTTP/1.1" 304 - "http://localhost:3000/reg" "Mozilla/5.0 (Windows NT 10.0; WOW64) AppleWebKit/537.36 (KHTML, like Gecko) Chrome/45.0.2454.101 Safari/537.36"
::1 - - [Wed, 04 Nov 2015 15:35:46 GMT] "GET /favicon.ico HTTP/1.1" 200 229 "http://localhost:3000/reg" "Mozilla/5.0 (Windows NT 10.0; WOW64) AppleWebKit/537.36 (KHTML, like Gecko) Chrome/45.0.2454.101 Safari/537.36"
::1 - - [Wed, 04 Nov 2015 15:36:05 GMT] "POST /reg HTTP/1.1" 500 1254 "http://localhost:3000/reg" "Mozilla/5.0 (Windows NT 10.0; WOW64) AppleWebKit/537.36 (KHTML, like Gecko) Chrome/45.0.2454.101 Safari/537.36"
::1 - - [Wed, 04 Nov 2015 15:36:06 GMT] "GET /favicon.ico HTTP/1.1" 304 - "http://localhost:3000/reg" "Mozilla/5.0 (Windows NT 10.0; WOW64) AppleWebKit/537.36 (KHTML, like Gecko) Chrome/45.0.2454.101 Safari/537.36"
::1 - - [Wed, 04 Nov 2015 15:36:54 GMT] "POST /reg HTTP/1.1" 302 68 "http://localhost:3000/reg" "Mozilla/5.0 (Windows NT 10.0; WOW64) AppleWebKit/537.36 (KHTML, like Gecko) Chrome/45.0.2454.101 Safari/537.36"
::1 - - [Wed, 04 Nov 2015 15:36:54 GMT] "GET /login HTTP/1.1" 200 1250 "http://localhost:3000/reg" "Mozilla/5.0 (Windows NT 10.0; WOW64) AppleWebKit/537.36 (KHTML, like Gecko) Chrome/45.0.2454.101 Safari/537.36"
::1 - - [Wed, 04 Nov 2015 15:36:55 GMT] "GET /stylesheets/screen.css HTTP/1.1" 304 - "http://localhost:3000/login" "Mozilla/5.0 (Windows NT 10.0; WOW64) AppleWebKit/537.36 (KHTML, like Gecko) Chrome/45.0.2454.101 Safari/537.36"
::1 - - [Wed, 04 Nov 2015 15:36:55 GMT] "GET /stylesheets/bootstrap.min.css HTTP/1.1" 304 - "http://localhost:3000/login" "Mozilla/5.0 (Windows NT 10.0; WOW64) AppleWebKit/537.36 (KHTML, like Gecko) Chrome/45.0.2454.101 Safari/537.36"
::1 - - [Wed, 04 Nov 2015 15:36:55 GMT] "GET /favicon.ico HTTP/1.1" 304 - "http://localhost:3000/login" "Mozilla/5.0 (Windows NT 10.0; WOW64) AppleWebKit/537.36 (KHTML, like Gecko) Chrome/45.0.2454.101 Safari/537.36"
::1 - - [Wed, 04 Nov 2015 15:37:07 GMT] "POST /login HTTP/1.1" 302 58 "http://localhost:3000/login" "Mozilla/5.0 (Windows NT 10.0; WOW64) AppleWebKit/537.36 (KHTML, like Gecko) Chrome/45.0.2454.101 Safari/537.36"
::1 - - [Wed, 04 Nov 2015 15:37:16 GMT] "GET / HTTP/1.1" 200 887 "http://localhost:3000/login" "Mozilla/5.0 (Windows NT 10.0; WOW64) AppleWebKit/537.36 (KHTML, like Gecko) Chrome/45.0.2454.101 Safari/537.36"
::1 - - [Wed, 04 Nov 2015 15:37:17 GMT] "GET /stylesheets/screen.css HTTP/1.1" 304 - "http://localhost:3000/" "Mozilla/5.0 (Windows NT 10.0; WOW64) AppleWebKit/537.36 (KHTML, like Gecko) Chrome/45.0.2454.101 Safari/537.36"
::1 - - [Wed, 04 Nov 2015 15:37:17 GMT] "GET /stylesheets/bootstrap.min.css HTTP/1.1" 304 - "http://localhost:3000/" "Mozilla/5.0 (Windows NT 10.0; WOW64) AppleWebKit/537.36 (KHTML, like Gecko) Chrome/45.0.2454.101 Safari/537.36"
::1 - - [Wed, 04 Nov 2015 15:37:18 GMT] "GET /favicon.ico HTTP/1.1" 304 - "http://localhost:3000/" "Mozilla/5.0 (Windows NT 10.0; WOW64) AppleWebKit/537.36 (KHTML, like Gecko) Chrome/45.0.2454.101 Safari/537.36"
::1 - - [Wed, 04 Nov 2015 15:37:27 GMT] "GET /post HTTP/1.1" 200 1737 "http://localhost:3000/" "Mozilla/5.0 (Windows NT 10.0; WOW64) AppleWebKit/537.36 (KHTML, like Gecko) Chrome/45.0.2454.101 Safari/537.36"
::1 - - [Wed, 04 Nov 2015 15:37:27 GMT] "GET /stylesheets/screen.css HTTP/1.1" 304 - "http://localhost:3000/post" "Mozilla/5.0 (Windows NT 10.0; WOW64) AppleWebKit/537.36 (KHTML, like Gecko) Chrome/45.0.2454.101 Safari/537.36"
::1 - - [Wed, 04 Nov 2015 15:37:28 GMT] "GET /stylesheets/bootstrap.min.css HTTP/1.1" 304 - "http://localhost:3000/post" "Mozilla/5.0 (Windows NT 10.0; WOW64) AppleWebKit/537.36 (KHTML, like Gecko) Chrome/45.0.2454.101 Safari/537.36"
::1 - - [Wed, 04 Nov 2015 15:37:28 GMT] "GET /favicon.ico HTTP/1.1" 304 - "http://localhost:3000/post" "Mozilla/5.0 (Windows NT 10.0; WOW64) AppleWebKit/537.36 (KHTML, like Gecko) Chrome/45.0.2454.101 Safari/537.36"
::1 - - [Wed, 04 Nov 2015 15:39:13 GMT] "POST /post HTTP/1.1" 302 58 "http://localhost:3000/post" "Mozilla/5.0 (Windows NT 10.0; WOW64) AppleWebKit/537.36 (KHTML, like Gecko) Chrome/45.0.2454.101 Safari/537.36"
::1 - - [Wed, 04 Nov 2015 15:39:29 GMT] "GET / HTTP/1.1" 200 1464 "http://localhost:3000/post" "Mozilla/5.0 (Windows NT 10.0; WOW64) AppleWebKit/537.36 (KHTML, like Gecko) Chrome/45.0.2454.101 Safari/537.36"
::1 - - [Wed, 04 Nov 2015 15:39:30 GMT] "GET /stylesheets/screen.css HTTP/1.1" 304 - "http://localhost:3000/" "Mozilla/5.0 (Windows NT 10.0; WOW64) AppleWebKit/537.36 (KHTML, like Gecko) Chrome/45.0.2454.101 Safari/537.36"
::1 - - [Wed, 04 Nov 2015 15:39:30 GMT] "GET /stylesheets/bootstrap.min.css HTTP/1.1" 304 - "http://localhost:3000/" "Mozilla/5.0 (Windows NT 10.0; WOW64) AppleWebKit/537.36 (KHTML, like Gecko) Chrome/45.0.2454.101 Safari/537.36"
::1 - - [Wed, 04 Nov 2015 15:39:30 GMT] "GET /favicon.ico HTTP/1.1" 304 - "http://localhost:3000/" "Mozilla/5.0 (Windows NT 10.0; WOW64) AppleWebKit/537.36 (KHTML, like Gecko) Chrome/45.0.2454.101 Safari/537.36"
::1 - - [Wed, 04 Nov 2015 15:42:10 GMT] "GET /archive HTTP/1.1" 500 1245 "http://localhost:3000/" "Mozilla/5.0 (Windows NT 10.0; WOW64) AppleWebKit/537.36 (KHTML, like Gecko) Chrome/45.0.2454.101 Safari/537.36"
::1 - - [Wed, 04 Nov 2015 15:42:11 GMT] "GET /favicon.ico HTTP/1.1" 304 - "http://localhost:3000/archive" "Mozilla/5.0 (Windows NT 10.0; WOW64) AppleWebKit/537.36 (KHTML, like Gecko) Chrome/45.0.2454.101 Safari/537.36"
::1 - - [Wed, 04 Nov 2015 15:42:15 GMT] "GET /favicon.ico HTTP/1.1" 304 - "http://localhost:3000/" "Mozilla/5.0 (Windows NT 10.0; WOW64) AppleWebKit/537.36 (KHTML, like Gecko) Chrome/45.0.2454.101 Safari/537.36"
::1 - - [Wed, 04 Nov 2015 15:43:07 GMT] "GET /archive HTTP/1.1" 200 912 "http://localhost:3000/" "Mozilla/5.0 (Windows NT 10.0; WOW64) AppleWebKit/537.36 (KHTML, like Gecko) Chrome/45.0.2454.101 Safari/537.36"
::1 - - [Wed, 04 Nov 2015 15:43:07 GMT] "GET /stylesheets/screen.css HTTP/1.1" 304 - "http://localhost:3000/archive" "Mozilla/5.0 (Windows NT 10.0; WOW64) AppleWebKit/537.36 (KHTML, like Gecko) Chrome/45.0.2454.101 Safari/537.36"
::1 - - [Wed, 04 Nov 2015 15:43:08 GMT] "GET /stylesheets/bootstrap.min.css HTTP/1.1" 304 - "http://localhost:3000/archive" "Mozilla/5.0 (Windows NT 10.0; WOW64) AppleWebKit/537.36 (KHTML, like Gecko) Chrome/45.0.2454.101 Safari/537.36"
::1 - - [Wed, 04 Nov 2015 15:43:08 GMT] "GET /favicon.ico HTTP/1.1" 304 - "http://localhost:3000/archive" "Mozilla/5.0 (Windows NT 10.0; WOW64) AppleWebKit/537.36 (KHTML, like Gecko) Chrome/45.0.2454.101 Safari/537.36"
